# JRE version: Java(TM) SE Runtime Environment (8.0_112-b15) (build 1.8.0_112-b15)
# Java VM: Java HotSpot(TM) 64-Bit Server VM (25.112-b15 mixed mode linux-amd64 compressed oops)
Heap:
 PSYoungGen      total 1361920K, used 281798K [0x000000076ab00000, 0x00000007bff00000, 0x00000007c0000000)
  eden space 1345536K, 19% used [0x000000076ab00000,0x000000077ae5dbd8,0x00000007bcd00000)
  from space 16384K, 98% used [0x00000007bcd00000,0x00000007bdcd3df0,0x00000007bdd00000)
  to   space 25600K, 0% used [0x00000007be600000,0x00000007be600000,0x00000007bff00000)
 ParOldGen       total 208384K, used 185480K [0x00000006c0000000, 0x00000006ccb80000, 0x000000076ab00000)
  object space 208384K, 89% used [0x00000006c0000000,0x00000006cb5220c0,0x00000006ccb80000)
 Metaspace       used 99817K, capacity 108484K, committed 108672K, reserved 1144832K
  class space    used 11506K, capacity 14118K, committed 14208K, reserved 1048576K
GC Heap History (10 events):
Event: 349670.725 GC heap before
{Heap before GC invocations=3454 (full 5):
 PSYoungGen      total 1371648K, used 1363887K [0x000000076ab00000, 0x00000007c0000000, 0x00000007c0000000)
  eden space 1346560K, 99% used [0x000000076ab00000,0x00000007bcb6f1a8,0x00000007bce00000)
  from space 25088K, 79% used [0x00000007be780000,0x00000007bfafcd70,0x00000007c0000000)
  to   space 25600K, 0% used [0x00000007bce00000,0x00000007bce00000,0x00000007be700000)
 ParOldGen       total 208384K, used 185352K [0x00000006c0000000, 0x00000006ccb80000, 0x000000076ab00000)
  object space 208384K, 88% used [0x00000006c0000000,0x00000006cb5020c0,0x00000006ccb80000)
 Metaspace       used 99580K, capacity 108282K, committed 108672K, reserved 1144832K
  class space    used 11500K, capacity 14117K, committed 14208K, reserved 1048576K
Event: 349670.729 GC heap after
Heap after GC invocations=3454 (full 5):
 PSYoungGen      total 1367040K, used 20023K [0x000000076ab00000, 0x00000007c0000000, 0x00000007c0000000)
  eden space 1346560K, 0% used [0x000000076ab00000,0x000000076ab00000,0x00000007bce00000)
  from space 20480K, 97% used [0x00000007bce00000,0x00000007be18dd20,0x00000007be200000)
  to   space 26112K, 0% used [0x00000007be680000,0x00000007be680000,0x00000007c0000000)
 ParOldGen       total 208384K, used 185400K [0x00000006c0000000, 0x00000006ccb80000, 0x000000076ab00000)
  object space 208384K, 88% used [0x00000006c0000000,0x00000006cb50e0c0,0x00000006ccb80000)
 Metaspace       used 99580K, capacity 108282K, committed 108672K, reserved 1144832K
  class space    used 11500K, capacity 14117K, committed 14208K, reserved 1048576K
}
Event: 349671.413 GC heap before
{Heap before GC invocations=3455 (full 5):
 PSYoungGen      total 1367040K, used 1363082K [0x000000076ab00000, 0x00000007c0000000, 0x00000007c0000000)
  eden space 1346560K, 99% used [0x000000076ab00000,0x00000007bca94ba8,0x00000007bce00000)
  from space 20480K, 97% used [0x00000007bce00000,0x00000007be18dd20,0x00000007be200000)
  to   space 26112K, 0% used [0x00000007be680000,0x00000007be680000,0x00000007c0000000)
 ParOldGen       total 208384K, used 185400K [0x00000006c0000000, 0x00000006ccb80000, 0x000000076ab00000)
  object space 208384K, 88% used [0x00000006c0000000,0x00000006cb50e0c0,0x00000006ccb80000)
 Metaspace       used 99580K, capacity 108282K, committed 108672K, reserved 1144832K
  class space    used 11500K, capacity 14117K, committed 14208K, reserved 1048576K
Event: 349671.417 GC heap after
Heap after GC invocations=3455 (full 5):
 PSYoungGen      total 1371648K, used 19994K [0x000000076ab00000, 0x00000007c0000000, 0x00000007c0000000)
  eden space 1345536K, 0% used [0x000000076ab00000,0x000000076ab00000,0x00000007bcd00000)
  from space 26112K, 76% used [0x00000007be680000,0x00000007bfa06b98,0x00000007c0000000)
  to   space 26112K, 0% used [0x00000007bcd00000,0x00000007bcd00000,0x00000007be680000)
 ParOldGen       total 208384K, used 185416K [0x00000006c0000000, 0x00000006ccb80000, 0x000000076ab00000)
  object space 208384K, 88% used [0x00000006c0000000,0x00000006cb5120c0,0x00000006ccb80000)
 Metaspace       used 99580K, capacity 108282K, committed 108672K, reserved 1144832K
  class space    used 11500K, capacity 14117K, committed 14208K, reserved 1048576K
}
Event: 349672.103 GC heap before
{Heap before GC invocations=3456 (full 5):
 PSYoungGen      total 1371648K, used 1359067K [0x000000076ab00000, 0x00000007c0000000, 0x00000007c0000000)
  eden space 1345536K, 99% used [0x000000076ab00000,0x00000007bc6b0068,0x00000007bcd00000)
  from space 26112K, 76% used [0x00000007be680000,0x00000007bfa06b98,0x00000007c0000000)
  to   space 26112K, 0% used [0x00000007bcd00000,0x00000007bcd00000,0x00000007be680000)
 ParOldGen       total 208384K, used 185416K [0x00000006c0000000, 0x00000006ccb80000, 0x000000076ab00000)
  object space 208384K, 88% used [0x00000006c0000000,0x00000006cb5120c0,0x00000006ccb80000)
 Metaspace       used 99580K, capacity 108282K, committed 108672K, reserved 1144832K
  class space    used 11500K, capacity 14117K, committed 14208K, reserved 1048576K
Event: 349672.107 GC heap after
Heap after GC invocations=3456 (full 5):
 PSYoungGen      total 1371648K, used 19998K [0x000000076ab00000, 0x00000007c0000000, 0x00000007c0000000)
  eden space 1345536K, 0% used [0x000000076ab00000,0x000000076ab00000,0x00000007bcd00000)
  from space 26112K, 76% used [0x00000007bcd00000,0x00000007be0878f0,0x00000007be680000)
  to   space 26112K, 0% used [0x00000007be680000,0x00000007be680000,0x00000007c0000000)
 ParOldGen       total 208384K, used 185440K [0x00000006c0000000, 0x00000006ccb80000, 0x000000076ab00000)
  object space 208384K, 88% used [0x00000006c0000000,0x00000006cb5180c0,0x00000006ccb80000)
 Metaspace       used 99580K, capacity 108282K, committed 108672K, reserved 1144832K
  class space    used 11500K, capacity 14117K, committed 14208K, reserved 1048576K
}
Event: 349681.482 GC heap before
{Heap before GC invocations=3457 (full 5):
 PSYoungGen      total 1371648K, used 1365534K [0x000000076ab00000, 0x00000007c0000000, 0x00000007c0000000)
  eden space 1345536K, 100% used [0x000000076ab00000,0x00000007bcd00000,0x00000007bcd00000)
  from space 26112K, 76% used [0x00000007bcd00000,0x00000007be0878f0,0x00000007be680000)
  to   space 26112K, 0% used [0x00000007be680000,0x00000007be680000,0x00000007c0000000)
 ParOldGen       total 208384K, used 185440K [0x00000006c0000000, 0x00000006ccb80000, 0x000000076ab00000)
  object space 208384K, 88% used [0x00000006c0000000,0x00000006cb5180c0,0x00000006ccb80000)
 Metaspace       used 99586K, capacity 108282K, committed 108672K, reserved 1144832K
  class space    used 11500K, capacity 14117K, committed 14208K, reserved 1048576K
Event: 349681.487 GC heap after
Heap after GC invocations=3457 (full 5):
 PSYoungGen      total 1371648K, used 12693K [0x000000076ab00000, 0x00000007c0000000, 0x00000007c0000000)
  eden space 1345536K, 0% used [0x000000076ab00000,0x000000076ab00000,0x00000007bcd00000)
  from space 26112K, 48% used [0x00000007be680000,0x00000007bf2e5738,0x00000007c0000000)
  to   space 26112K, 0% used [0x00000007bcd00000,0x00000007bcd00000,0x00000007be680000)
 ParOldGen       total 208384K, used 185456K [0x00000006c0000000, 0x00000006ccb80000, 0x000000076ab00000)
  object space 208384K, 88% used [0x00000006c0000000,0x00000006cb51c0c0,0x00000006ccb80000)
 Metaspace       used 99586K, capacity 108282K, committed 108672K, reserved 1144832K
  class space    used 11500K, capacity 14117K, committed 14208K, reserved 1048576K
}
Event: 349905.255 GC heap before
{Heap before GC invocations=3458 (full 5):
 PSYoungGen      total 1371648K, used 1358229K [0x000000076ab00000, 0x00000007c0000000, 0x00000007c0000000)
  eden space 1345536K, 100% used [0x000000076ab00000,0x00000007bcd00000,0x00000007bcd00000)
  from space 26112K, 48% used [0x00000007be680000,0x00000007bf2e5738,0x00000007c0000000)
  to   space 26112K, 0% used [0x00000007bcd00000,0x00000007bcd00000,0x00000007be680000)
 ParOldGen       total 208384K, used 185456K [0x00000006c0000000, 0x00000006ccb80000, 0x000000076ab00000)
  object space 208384K, 88% used [0x00000006c0000000,0x00000006cb51c0c0,0x00000006ccb80000)
 Metaspace       used 99720K, capacity 108420K, committed 108672K, reserved 1144832K
  class space    used 11502K, capacity 14118K, committed 14208K, reserved 1048576K
Event: 349905.321 GC heap after
Heap after GC invocations=3458 (full 5):
 PSYoungGen      total 1361920K, used 16207K [0x000000076ab00000, 0x00000007bff00000, 0x00000007c0000000)
  eden space 1345536K, 0% used [0x000000076ab00000,0x000000076ab00000,0x00000007bcd00000)
  from space 16384K, 98% used [0x00000007bcd00000,0x00000007bdcd3df0,0x00000007bdd00000)
  to   space 25600K, 0% used [0x00000007be600000,0x00000007be600000,0x00000007bff00000)
 ParOldGen       total 208384K, used 185480K [0x00000006c0000000, 0x00000006ccb80000, 0x000000076ab00000)
  object space 208384K, 89% used [0x00000006c0000000,0x00000006cb5220c0,0x00000006ccb80000)
 Metaspace       used 99720K, capacity 108420K, committed 108672K, reserved 1144832K
  class space    used 11502K, capacity 14118K, committed 14208K, reserved 1048576K
}

